<?xml version="1.0" encoding="UTF-8"?>
<testsuite xmlns:xsi="http://www.w3.org/2001/XMLSchema-instance" xsi:noNamespaceSchemaLocation="https://maven.apache.org/surefire/maven-surefire-plugin/xsd/surefire-test-report-3.0.xsd" version="3.0" name="suite.TestSuite" time="59.224" tests="4" errors="0" skipped="0" failures="0">
  <properties>
    <property name="sun.desktop" value="windows"/>
    <property name="awt.toolkit" value="sun.awt.windows.WToolkit"/>
    <property name="file.encoding.pkg" value="sun.io"/>
    <property name="java.specification.version" value="1.8"/>
    <property name="sun.cpu.isalist" value="amd64"/>
    <property name="sun.jnu.encoding" value="Cp1252"/>
    <property name="java.class.path" value="C:\Users\63445142\Desktop\CURSO DEL CES AUTOMATIZACIÖN\Módulo 3\Tarea 5\target\test-classes;C:\Users\63445142\Desktop\CURSO DEL CES AUTOMATIZACIÖN\Módulo 3\Tarea 5\target\classes;c:\apache-maven-3.8.1\lib\org\seleniumhq\selenium\selenium-java\3.141.59\selenium-java-3.141.59.jar;c:\apache-maven-3.8.1\lib\org\seleniumhq\selenium\selenium-api\3.141.59\selenium-api-3.141.59.jar;c:\apache-maven-3.8.1\lib\org\seleniumhq\selenium\selenium-edge-driver\3.141.59\selenium-edge-driver-3.141.59.jar;c:\apache-maven-3.8.1\lib\org\seleniumhq\selenium\selenium-firefox-driver\3.141.59\selenium-firefox-driver-3.141.59.jar;c:\apache-maven-3.8.1\lib\org\seleniumhq\selenium\selenium-ie-driver\3.141.59\selenium-ie-driver-3.141.59.jar;c:\apache-maven-3.8.1\lib\org\seleniumhq\selenium\selenium-opera-driver\3.141.59\selenium-opera-driver-3.141.59.jar;c:\apache-maven-3.8.1\lib\org\seleniumhq\selenium\selenium-remote-driver\3.141.59\selenium-remote-driver-3.141.59.jar;c:\apache-maven-3.8.1\lib\org\seleniumhq\selenium\selenium-safari-driver\3.141.59\selenium-safari-driver-3.141.59.jar;c:\apache-maven-3.8.1\lib\org\seleniumhq\selenium\selenium-support\3.141.59\selenium-support-3.141.59.jar;c:\apache-maven-3.8.1\lib\net\bytebuddy\byte-buddy\1.8.15\byte-buddy-1.8.15.jar;c:\apache-maven-3.8.1\lib\org\apache\commons\commons-exec\1.3\commons-exec-1.3.jar;c:\apache-maven-3.8.1\lib\com\google\guava\guava\25.0-jre\guava-25.0-jre.jar;c:\apache-maven-3.8.1\lib\com\google\code\findbugs\jsr305\1.3.9\jsr305-1.3.9.jar;c:\apache-maven-3.8.1\lib\org\checkerframework\checker-compat-qual\2.0.0\checker-compat-qual-2.0.0.jar;c:\apache-maven-3.8.1\lib\com\google\errorprone\error_prone_annotations\2.1.3\error_prone_annotations-2.1.3.jar;c:\apache-maven-3.8.1\lib\com\google\j2objc\j2objc-annotations\1.1\j2objc-annotations-1.1.jar;c:\apache-maven-3.8.1\lib\org\codehaus\mojo\animal-sniffer-annotations\1.14\animal-sniffer-annotations-1.14.jar;c:\apache-maven-3.8.1\lib\com\squareup\okhttp3\okhttp\3.11.0\okhttp-3.11.0.jar;c:\apache-maven-3.8.1\lib\com\squareup\okio\okio\1.14.0\okio-1.14.0.jar;c:\apache-maven-3.8.1\lib\org\seleniumhq\selenium\selenium-chrome-driver\3.141.59\selenium-chrome-driver-3.141.59.jar;c:\apache-maven-3.8.1\lib\org\junit\jupiter\junit-jupiter-engine\5.8.0-M1\junit-jupiter-engine-5.8.0-M1.jar;c:\apache-maven-3.8.1\lib\org\apiguardian\apiguardian-api\1.1.1\apiguardian-api-1.1.1.jar;c:\apache-maven-3.8.1\lib\org\junit\platform\junit-platform-engine\1.8.0-M1\junit-platform-engine-1.8.0-M1.jar;c:\apache-maven-3.8.1\lib\org\jetbrains\kotlin\kotlin-stdlib-jdk8\1.4.20\kotlin-stdlib-jdk8-1.4.20.jar;c:\apache-maven-3.8.1\lib\org\jetbrains\kotlin\kotlin-stdlib\1.4.20\kotlin-stdlib-1.4.20.jar;c:\apache-maven-3.8.1\lib\org\jetbrains\kotlin\kotlin-stdlib-common\1.4.20\kotlin-stdlib-common-1.4.20.jar;c:\apache-maven-3.8.1\lib\org\jetbrains\annotations\13.0\annotations-13.0.jar;c:\apache-maven-3.8.1\lib\org\jetbrains\kotlin\kotlin-stdlib-jdk7\1.4.20\kotlin-stdlib-jdk7-1.4.20.jar;c:\apache-maven-3.8.1\lib\org\junit\jupiter\junit-jupiter-api\5.8.0-M1\junit-jupiter-api-5.8.0-M1.jar;c:\apache-maven-3.8.1\lib\org\opentest4j\opentest4j\1.2.0\opentest4j-1.2.0.jar;c:\apache-maven-3.8.1\lib\org\junit\platform\junit-platform-commons\1.8.0-M1\junit-platform-commons-1.8.0-M1.jar;c:\apache-maven-3.8.1\lib\org\junit\platform\junit-platform-suite-api\1.8.0-M1\junit-platform-suite-api-1.8.0-M1.jar;c:\apache-maven-3.8.1\lib\org\junit\platform\junit-platform-runner\1.7.2\junit-platform-runner-1.7.2.jar;c:\apache-maven-3.8.1\lib\junit\junit\4.13\junit-4.13.jar;c:\apache-maven-3.8.1\lib\org\hamcrest\hamcrest-core\1.3\hamcrest-core-1.3.jar;c:\apache-maven-3.8.1\lib\org\junit\platform\junit-platform-launcher\1.7.2\junit-platform-launcher-1.7.2.jar;c:\apache-maven-3.8.1\lib\org\junit\jupiter\junit-jupiter-params\5.7.0\junit-jupiter-params-5.7.0.jar;"/>
    <property name="java.vm.vendor" value="Oracle Corporation"/>
    <property name="sun.arch.data.model" value="64"/>
    <property name="user.variant" value=""/>
    <property name="java.vendor.url" value="http://java.oracle.com/"/>
    <property name="user.timezone" value="America/Montevideo"/>
    <property name="java.vm.specification.version" value="1.8"/>
    <property name="os.name" value="Windows 7"/>
    <property name="user.country" value="UY"/>
    <property name="sun.java.launcher" value="SUN_STANDARD"/>
    <property name="sun.boot.library.path" value="c:\Program Files\Java\jdk1.8.0_281\jre\bin"/>
    <property name="sun.java.command" value="C:\Users\63445142\AppData\Local\Temp\surefire1797998308130091795\surefirebooter5699650167533893538.jar C:\Users\63445142\AppData\Local\Temp\surefire1797998308130091795 2021-08-25T00-03-02_202-jvmRun1 surefire1612637105462865371tmp surefire_07021916424717870078tmp"/>
    <property name="test" value="TestSuite"/>
    <property name="surefire.test.class.path" value="C:\Users\63445142\Desktop\CURSO DEL CES AUTOMATIZACIÖN\Módulo 3\Tarea 5\target\test-classes;C:\Users\63445142\Desktop\CURSO DEL CES AUTOMATIZACIÖN\Módulo 3\Tarea 5\target\classes;c:\apache-maven-3.8.1\lib\org\seleniumhq\selenium\selenium-java\3.141.59\selenium-java-3.141.59.jar;c:\apache-maven-3.8.1\lib\org\seleniumhq\selenium\selenium-api\3.141.59\selenium-api-3.141.59.jar;c:\apache-maven-3.8.1\lib\org\seleniumhq\selenium\selenium-edge-driver\3.141.59\selenium-edge-driver-3.141.59.jar;c:\apache-maven-3.8.1\lib\org\seleniumhq\selenium\selenium-firefox-driver\3.141.59\selenium-firefox-driver-3.141.59.jar;c:\apache-maven-3.8.1\lib\org\seleniumhq\selenium\selenium-ie-driver\3.141.59\selenium-ie-driver-3.141.59.jar;c:\apache-maven-3.8.1\lib\org\seleniumhq\selenium\selenium-opera-driver\3.141.59\selenium-opera-driver-3.141.59.jar;c:\apache-maven-3.8.1\lib\org\seleniumhq\selenium\selenium-remote-driver\3.141.59\selenium-remote-driver-3.141.59.jar;c:\apache-maven-3.8.1\lib\org\seleniumhq\selenium\selenium-safari-driver\3.141.59\selenium-safari-driver-3.141.59.jar;c:\apache-maven-3.8.1\lib\org\seleniumhq\selenium\selenium-support\3.141.59\selenium-support-3.141.59.jar;c:\apache-maven-3.8.1\lib\net\bytebuddy\byte-buddy\1.8.15\byte-buddy-1.8.15.jar;c:\apache-maven-3.8.1\lib\org\apache\commons\commons-exec\1.3\commons-exec-1.3.jar;c:\apache-maven-3.8.1\lib\com\google\guava\guava\25.0-jre\guava-25.0-jre.jar;c:\apache-maven-3.8.1\lib\com\google\code\findbugs\jsr305\1.3.9\jsr305-1.3.9.jar;c:\apache-maven-3.8.1\lib\org\checkerframework\checker-compat-qual\2.0.0\checker-compat-qual-2.0.0.jar;c:\apache-maven-3.8.1\lib\com\google\errorprone\error_prone_annotations\2.1.3\error_prone_annotations-2.1.3.jar;c:\apache-maven-3.8.1\lib\com\google\j2objc\j2objc-annotations\1.1\j2objc-annotations-1.1.jar;c:\apache-maven-3.8.1\lib\org\codehaus\mojo\animal-sniffer-annotations\1.14\animal-sniffer-annotations-1.14.jar;c:\apache-maven-3.8.1\lib\com\squareup\okhttp3\okhttp\3.11.0\okhttp-3.11.0.jar;c:\apache-maven-3.8.1\lib\com\squareup\okio\okio\1.14.0\okio-1.14.0.jar;c:\apache-maven-3.8.1\lib\org\seleniumhq\selenium\selenium-chrome-driver\3.141.59\selenium-chrome-driver-3.141.59.jar;c:\apache-maven-3.8.1\lib\org\junit\jupiter\junit-jupiter-engine\5.8.0-M1\junit-jupiter-engine-5.8.0-M1.jar;c:\apache-maven-3.8.1\lib\org\apiguardian\apiguardian-api\1.1.1\apiguardian-api-1.1.1.jar;c:\apache-maven-3.8.1\lib\org\junit\platform\junit-platform-engine\1.8.0-M1\junit-platform-engine-1.8.0-M1.jar;c:\apache-maven-3.8.1\lib\org\jetbrains\kotlin\kotlin-stdlib-jdk8\1.4.20\kotlin-stdlib-jdk8-1.4.20.jar;c:\apache-maven-3.8.1\lib\org\jetbrains\kotlin\kotlin-stdlib\1.4.20\kotlin-stdlib-1.4.20.jar;c:\apache-maven-3.8.1\lib\org\jetbrains\kotlin\kotlin-stdlib-common\1.4.20\kotlin-stdlib-common-1.4.20.jar;c:\apache-maven-3.8.1\lib\org\jetbrains\annotations\13.0\annotations-13.0.jar;c:\apache-maven-3.8.1\lib\org\jetbrains\kotlin\kotlin-stdlib-jdk7\1.4.20\kotlin-stdlib-jdk7-1.4.20.jar;c:\apache-maven-3.8.1\lib\org\junit\jupiter\junit-jupiter-api\5.8.0-M1\junit-jupiter-api-5.8.0-M1.jar;c:\apache-maven-3.8.1\lib\org\opentest4j\opentest4j\1.2.0\opentest4j-1.2.0.jar;c:\apache-maven-3.8.1\lib\org\junit\platform\junit-platform-commons\1.8.0-M1\junit-platform-commons-1.8.0-M1.jar;c:\apache-maven-3.8.1\lib\org\junit\platform\junit-platform-suite-api\1.8.0-M1\junit-platform-suite-api-1.8.0-M1.jar;c:\apache-maven-3.8.1\lib\org\junit\platform\junit-platform-runner\1.7.2\junit-platform-runner-1.7.2.jar;c:\apache-maven-3.8.1\lib\junit\junit\4.13\junit-4.13.jar;c:\apache-maven-3.8.1\lib\org\hamcrest\hamcrest-core\1.3\hamcrest-core-1.3.jar;c:\apache-maven-3.8.1\lib\org\junit\platform\junit-platform-launcher\1.7.2\junit-platform-launcher-1.7.2.jar;c:\apache-maven-3.8.1\lib\org\junit\jupiter\junit-jupiter-params\5.7.0\junit-jupiter-params-5.7.0.jar;"/>
    <property name="sun.cpu.endian" value="little"/>
    <property name="user.home" value="C:\Users\63445142"/>
    <property name="user.language" value="es"/>
    <property name="java.specification.vendor" value="Oracle Corporation"/>
    <property name="java.home" value="c:\Program Files\Java\jdk1.8.0_281\jre"/>
    <property name="basedir" value="C:\Users\63445142\Desktop\CURSO DEL CES AUTOMATIZACIÖN\Módulo 3\Tarea 5"/>
    <property name="file.separator" value="\"/>
    <property name="line.separator" value="&#10;"/>
    <property name="java.vm.specification.vendor" value="Oracle Corporation"/>
    <property name="java.specification.name" value="Java Platform API Specification"/>
    <property name="java.awt.graphicsenv" value="sun.awt.Win32GraphicsEnvironment"/>
    <property name="surefire.real.class.path" value="C:\Users\63445142\AppData\Local\Temp\surefire1797998308130091795\surefirebooter5699650167533893538.jar"/>
    <property name="sun.boot.class.path" value="c:\Program Files\Java\jdk1.8.0_281\jre\lib\resources.jar;c:\Program Files\Java\jdk1.8.0_281\jre\lib\rt.jar;c:\Program Files\Java\jdk1.8.0_281\jre\lib\sunrsasign.jar;c:\Program Files\Java\jdk1.8.0_281\jre\lib\jsse.jar;c:\Program Files\Java\jdk1.8.0_281\jre\lib\jce.jar;c:\Program Files\Java\jdk1.8.0_281\jre\lib\charsets.jar;c:\Program Files\Java\jdk1.8.0_281\jre\lib\jfr.jar;c:\Program Files\Java\jdk1.8.0_281\jre\classes"/>
    <property name="user.script" value=""/>
    <property name="sun.management.compiler" value="HotSpot 64-Bit Tiered Compilers"/>
    <property name="java.runtime.version" value="1.8.0_281-b09"/>
    <property name="user.name" value="63445142"/>
    <property name="path.separator" value=";"/>
    <property name="os.version" value="6.1"/>
    <property name="java.endorsed.dirs" value="c:\Program Files\Java\jdk1.8.0_281\jre\lib\endorsed"/>
    <property name="java.runtime.name" value="Java(TM) SE Runtime Environment"/>
    <property name="file.encoding" value="Cp1252"/>
    <property name="java.vm.name" value="Java HotSpot(TM) 64-Bit Server VM"/>
    <property name="localRepository" value="c:\apache-maven-3.8.1\lib"/>
    <property name="java.vendor.url.bug" value="http://bugreport.sun.com/bugreport/"/>
    <property name="java.io.tmpdir" value="C:\Users\63445142\AppData\Local\Temp\"/>
    <property name="java.version" value="1.8.0_281"/>
    <property name="user.dir" value="C:\Users\63445142\Desktop\CURSO DEL CES AUTOMATIZACIÖN\Módulo 3\Tarea 5"/>
    <property name="os.arch" value="amd64"/>
    <property name="java.vm.specification.name" value="Java Virtual Machine Specification"/>
    <property name="java.awt.printerjob" value="sun.awt.windows.WPrinterJob"/>
    <property name="sun.os.patch.level" value="Service Pack 1"/>
    <property name="java.library.path" value="c:\Program Files\Java\jdk1.8.0_281\jre\bin;C:\Windows\Sun\Java\bin;C:\Windows\system32;C:\Windows;C:\Program Files\Common Files\Oracle\Java\javapath;C:\Program Files (x86)\Common Files\Oracle\Java\javapath;C:\Program Files\AdoptOpenJDK\jdk-15.0.2.7-openj9\bin;C:\Program Files\AdoptOpenJDK\jdk-15.0.2.7-hotspot\bin;C:\ProgramData\Oracle\Java\javapath;C:\Windows\system32;C:\Windows;C:\Windows\System32\Wbem;C:\Windows\System32\WindowsPowerShell\v1.0\;C:\Program Files\Intel\WiFi\bin\;C:\Program Files\Common Files\Intel\WirelessCommon\;C:\Program Files (x86)\PuTTY\;C:\Users\63445142\AppData\Local\Programs\Git\cmd;C:\Program Files\nodejs\;C:\gradle\bin;c:\apache-ant-1.10.11\bin;C:\Users\63445142\AppData\Roaming\npm;C:\Users\63445142\AppData\Local\Programs\Microsoft VS Code\bin;C:\Users\63445142\AppData\Local\GitHubDesktop\bin;C:\Program Files\MongoDB\Server\4.0\bin;C:\gradle\bin;C:\apache-maven-3.8.1\bin;c:\apache-ant-1.10.11\bin;."/>
    <property name="java.vm.info" value="mixed mode"/>
    <property name="java.vendor" value="Oracle Corporation"/>
    <property name="java.vm.version" value="25.281-b09"/>
    <property name="java.ext.dirs" value="c:\Program Files\Java\jdk1.8.0_281\jre\lib\ext;C:\Windows\Sun\Java\lib\ext"/>
    <property name="sun.io.unicode.encoding" value="UnicodeLittle"/>
    <property name="java.class.version" value="52.0"/>
  </properties>
  <testcase name="Test Crear Contacto Nuevo" classname="TestAddressBook" time="17.498">
    <system-err><![CDATA[Starting ChromeDriver 92.0.4515.107 (87a818b10553a07434ea9e2b6dccf3cbe7895134-refs/branch-heads/4515@{#1634}) on port 11802
Only local connections are allowed.
Please see https://chromedriver.chromium.org/security-considerations for suggestions on keeping ChromeDriver safe.
ChromeDriver was started successfully.
ago 25, 2021 12:03:06 AM org.openqa.selenium.remote.ProtocolHandshake createSession
INFORMACIÓN: Detected dialect: W3C
]]></system-err>
  </testcase>
  <testcase name="Test agrega recursos a un proyecto" classname="TestProject" time="18.464">
    <system-err><![CDATA[[1629860611.605][SEVERE]: Unable to receive message from renderer
[1629860617.737][SEVERE]: Unable to receive message from renderer
]]></system-err>
  </testcase>
  <testcase name="Test consulta de un proyecto creado" classname="TestProject" time="7.08"/>
  <testcase name="Test crear proyecto" classname="TestProject" time="12.239"/>
</testsuite>